0 info it worked if it ends with ok
1 verbose cli [ '/home/den/.nvm/versions/node/v6.17.1/bin/node',
1 verbose cli   '/home/den/.nvm/versions/node/v6.17.1/bin/npm',
1 verbose cli   'run',
1 verbose cli   'deploy' ]
2 info using npm@3.10.10
3 info using node@v6.17.1
4 verbose run-script [ 'predeploy', 'deploy', 'postdeploy' ]
5 info lifecycle flipper-dapp@1.0.0~predeploy: flipper-dapp@1.0.0
6 verbose lifecycle flipper-dapp@1.0.0~predeploy: unsafe-perm in lifecycle true
7 verbose lifecycle flipper-dapp@1.0.0~predeploy: PATH: /home/den/.nvm/versions/node/v6.17.1/lib/node_modules/npm/bin/node-gyp-bin:/home/den/HTMLCOIN_PROJECTS/flipper-dapp/node_modules/.bin:/usr/local/cuda-9.0/bin:/usr/local/cuda/bin:/home/den/.nvm/versions/node/v6.17.1/bin:/home/den/.local/bin:/usr/local/sbin:/usr/local/bin:/usr/sbin:/usr/bin:/sbin:/bin:/usr/games:/usr/local/games:/snap/bin:/home/den/.local/bin/
8 verbose lifecycle flipper-dapp@1.0.0~predeploy: CWD: /home/den/HTMLCOIN_PROJECTS/flipper-dapp
9 silly lifecycle flipper-dapp@1.0.0~predeploy: Args: [ '-c', 'npm run build' ]
10 silly lifecycle flipper-dapp@1.0.0~predeploy: Returned: code: 1  signal: null
11 info lifecycle flipper-dapp@1.0.0~predeploy: Failed to exec predeploy script
12 verbose stack Error: flipper-dapp@1.0.0 predeploy: `npm run build`
12 verbose stack Exit status 1
12 verbose stack     at EventEmitter.<anonymous> (/home/den/.nvm/versions/node/v6.17.1/lib/node_modules/npm/lib/utils/lifecycle.js:255:16)
12 verbose stack     at emitTwo (events.js:106:13)
12 verbose stack     at EventEmitter.emit (events.js:191:7)
12 verbose stack     at ChildProcess.<anonymous> (/home/den/.nvm/versions/node/v6.17.1/lib/node_modules/npm/lib/utils/spawn.js:40:14)
12 verbose stack     at emitTwo (events.js:106:13)
12 verbose stack     at ChildProcess.emit (events.js:191:7)
12 verbose stack     at maybeClose (internal/child_process.js:920:16)
12 verbose stack     at Process.ChildProcess._handle.onexit (internal/child_process.js:230:5)
13 verbose pkgid flipper-dapp@1.0.0
14 verbose cwd /home/den/HTMLCOIN_PROJECTS/flipper-dapp
15 error Linux 6.0.6-76060006-generic
16 error argv "/home/den/.nvm/versions/node/v6.17.1/bin/node" "/home/den/.nvm/versions/node/v6.17.1/bin/npm" "run" "deploy"
17 error node v6.17.1
18 error npm  v3.10.10
19 error code ELIFECYCLE
20 error flipper-dapp@1.0.0 predeploy: `npm run build`
20 error Exit status 1
21 error Failed at the flipper-dapp@1.0.0 predeploy script 'npm run build'.
21 error Make sure you have the latest version of node.js and npm installed.
21 error If you do, this is most likely a problem with the flipper-dapp package,
21 error not with npm itself.
21 error Tell the author that this fails on your system:
21 error     npm run build
21 error You can get information on how to open an issue for this project with:
21 error     npm bugs flipper-dapp
21 error Or if that isn't available, you can get their info via:
21 error     npm owner ls flipper-dapp
21 error There is likely additional logging output above.
22 verbose exit [ 1, true ]
